2021-08-24 15:21:24 [debug] Home.js: Triggers loadUsers for the users list
2021-08-24 15:21:24 [debug] Home.js: Triggers getToken to fetch the Token if available
2021-08-24 15:21:24 [debug] useAuthentication.js: In getToken to check any token stored in localStorage
2021-08-24 15:21:24 [debug] useAuthentication.js: In handleUser to retrieve the user from the Token
2021-08-24 15:21:24 [debug] handleJson.js: Successfully read the data from file
2021-08-24 15:21:24 [debug] handleJson.js: Added users list to LocalStorage
2021-08-24 15:21:24 [debug] ProjectContext.js: Successfully read the data from file
2021-08-24 15:21:31 [debug] project.js: calling unstarred stable sort with value of orderBy=view
2021-08-24 15:21:35 [debug] ProjectContext.js: Successfully read the data from file
2021-08-24 15:21:42 [debug] project.js: calling unstarred stable sort with value of orderBy=view
2021-08-24 15:23:18 [debug] Home.js: Triggers loadUsers for the users list
2021-08-24 15:23:18 [debug] Home.js: Triggers getToken to fetch the Token if available
2021-08-24 15:23:18 [debug] useAuthentication.js: In getToken to check any token stored in localStorage
2021-08-24 15:23:18 [debug] useAuthentication.js: In handleUser to retrieve the user from the Token
2021-08-24 15:23:18 [debug] handleJson.js: Successfully read the data from file
2021-08-24 15:23:18 [debug] ProjectContext.js: Successfully read the data from file
2021-08-24 15:23:18 [debug] handleJson.js: Added users list to LocalStorage
2021-08-24 15:23:26 [debug] project.js: calling unstarred stable sort with value of orderBy=view
2021-08-24 15:23:54 [debug] ProjectContext.js: Successfully read the data from file
2021-08-24 15:24:40 [debug] ProjectContext.js: Successfully read the data from file
2021-08-24 15:24:47 [debug] project.js: calling unstarred stable sort with value of orderBy=view
2021-08-24 15:25:06 [debug] Home.js: Triggers loadUsers for the users list
2021-08-24 15:25:06 [debug] Home.js: Triggers getToken to fetch the Token if available
2021-08-24 15:25:06 [debug] useAuthentication.js: In getToken to check any token stored in localStorage
2021-08-24 15:25:06 [debug] Home.js: Triggers getToken to fetch the Token if available
2021-08-24 15:25:06 [debug] useAuthentication.js: In getToken to check any token stored in localStorage
2021-08-24 15:25:06 [debug] handleJson.js: Successfully read the data from file
2021-08-24 15:25:06 [debug] handleJson.js: Added users list to LocalStorage
2021-08-24 15:25:21 [debug] Home.js: Triggers loadUsers for the users list
2021-08-24 15:25:21 [debug] Home.js: Triggers getToken to fetch the Token if available
2021-08-24 15:25:21 [debug] useAuthentication.js: In getToken to check any token stored in localStorage
2021-08-24 15:25:21 [debug] Home.js: Triggers getToken to fetch the Token if available
2021-08-24 15:25:21 [debug] useAuthentication.js: In getToken to check any token stored in localStorage
2021-08-24 15:25:21 [debug] handleJson.js: Successfully read the data from file
2021-08-24 15:25:21 [debug] handleJson.js: Added users list to LocalStorage
2021-08-24 15:25:25 [debug] Home.js: Triggers loadUsers for the users list
2021-08-24 15:25:25 [debug] Home.js: Triggers getToken to fetch the Token if available
2021-08-24 15:25:25 [debug] useAuthentication.js: In getToken to check any token stored in localStorage
2021-08-24 15:25:25 [debug] Home.js: Triggers getToken to fetch the Token if available
2021-08-24 15:25:25 [debug] useAuthentication.js: In getToken to check any token stored in localStorage
2021-08-24 15:25:25 [debug] handleJson.js: Successfully read the data from file
2021-08-24 15:25:25 [debug] handleJson.js: Added users list to LocalStorage
2021-08-24 15:25:29 [debug] Home.js: Triggers loadUsers for the users list
2021-08-24 15:25:29 [debug] Home.js: Triggers getToken to fetch the Token if available
2021-08-24 15:25:29 [debug] useAuthentication.js: In getToken to check any token stored in localStorage
2021-08-24 15:25:29 [debug] Home.js: Triggers getToken to fetch the Token if available
2021-08-24 15:25:29 [debug] useAuthentication.js: In getToken to check any token stored in localStorage
2021-08-24 15:25:29 [debug] handleJson.js: Successfully read the data from file
2021-08-24 15:25:29 [debug] handleJson.js: Added users list to LocalStorage
2021-08-24 15:25:33 [debug] Home.js: Triggers loadUsers for the users list
2021-08-24 15:25:33 [debug] Home.js: Triggers getToken to fetch the Token if available
2021-08-24 15:25:33 [debug] useAuthentication.js: In getToken to check any token stored in localStorage
2021-08-24 15:25:33 [debug] Home.js: Triggers getToken to fetch the Token if available
2021-08-24 15:25:33 [debug] useAuthentication.js: In getToken to check any token stored in localStorage
2021-08-24 15:25:33 [debug] handleJson.js: Successfully read the data from file
2021-08-24 15:25:33 [debug] handleJson.js: Added users list to LocalStorage
2021-08-24 15:25:44 [debug] Login.js: In handleSubmit
2021-08-24 15:25:44 [debug] Login.js: Triggers handleLogin to check whether the user is existing or not
2021-08-24 15:25:44 [debug] handleLogin.js: In handleLogin function
2021-08-24 15:25:44 [debug] Login.js: Triggers generateToken to generate a Token for the user
2021-08-24 15:25:44 [debug] useAuthentication.js: In generateToken to generate a Token for the loggedIn user
2021-08-24 15:25:44 [debug] useAuthentication.js: In handleUser to retrieve the user from the Token
2021-08-24 15:25:48 [debug] Home.js: Triggers loadUsers for the users list
2021-08-24 15:25:48 [debug] Home.js: Triggers getToken to fetch the Token if available
2021-08-24 15:25:48 [debug] useAuthentication.js: In getToken to check any token stored in localStorage
2021-08-24 15:25:48 [debug] useAuthentication.js: In handleUser to retrieve the user from the Token
2021-08-24 15:25:48 [debug] handleJson.js: Successfully read the data from file
2021-08-24 15:25:48 [debug] handleJson.js: Added users list to LocalStorage
2021-08-24 15:25:48 [debug] ProjectContext.js: Successfully read the data from file
2021-08-24 15:25:53 [debug] Home.js: Triggers loadUsers for the users list
2021-08-24 15:25:53 [debug] Home.js: Triggers getToken to fetch the Token if available
2021-08-24 15:25:53 [debug] useAuthentication.js: In getToken to check any token stored in localStorage
2021-08-24 15:25:53 [debug] handleJson.js: Successfully read the data from file
2021-08-24 15:25:53 [debug] Home.js: Triggers getToken to fetch the Token if available
2021-08-24 15:25:53 [debug] useAuthentication.js: In getToken to check any token stored in localStorage
2021-08-24 15:25:53 [debug] handleJson.js: Added users list to LocalStorage
2021-08-25 11:44:56 [debug] Home.js: Triggers loadUsers for the users list
2021-08-25 11:44:56 [debug] Home.js: Triggers getToken to fetch the Token if available
2021-08-25 11:44:56 [debug] useAuthentication.js: In getToken to check any token stored in localStorage
2021-08-25 11:44:56 [debug] Home.js: Triggers getToken to fetch the Token if available
2021-08-25 11:44:56 [debug] useAuthentication.js: In getToken to check any token stored in localStorage
2021-08-25 11:45:13 [debug] Home.js: Triggers loadUsers for the users list
2021-08-25 11:45:13 [debug] Home.js: Triggers getToken to fetch the Token if available
2021-08-25 11:45:13 [debug] useAuthentication.js: In getToken to check any token stored in localStorage
2021-08-25 11:45:13 [debug] Home.js: Triggers getToken to fetch the Token if available
2021-08-25 11:45:13 [debug] useAuthentication.js: In getToken to check any token stored in localStorage
2021-08-25 11:45:19 [debug] Login.js: In handleSubmit
2021-08-25 11:45:19 [debug] Login.js: Triggers handleLogin to check whether the user is existing or not
2021-08-25 11:45:19 [debug] handleLogin.js: In handleLogin function
2021-08-25 11:45:19 [debug] Login.js: Triggers createUser for creating a new user
2021-08-25 11:45:19 [debug] handleLogin.js: In createUser to create a new user
2021-08-25 11:45:19 [debug] handleJson.js: Inside handleJson
2021-08-25 11:45:20 [debug] Login.js: In handleSubmit
2021-08-25 11:45:21 [debug] Login.js: In handleSubmit
2021-08-25 11:45:25 [debug] Home.js: Triggers loadUsers for the users list
2021-08-25 11:45:25 [debug] Home.js: Triggers getToken to fetch the Token if available
2021-08-25 11:45:25 [debug] useAuthentication.js: In getToken to check any token stored in localStorage
2021-08-25 11:45:25 [debug] Home.js: Triggers getToken to fetch the Token if available
2021-08-25 11:45:25 [debug] useAuthentication.js: In getToken to check any token stored in localStorage
2021-08-25 11:45:29 [debug] Login.js: In handleSubmit
2021-08-25 11:45:41 [debug] Login.js: In handleSubmit
2021-08-25 11:45:45 [debug] Home.js: Triggers loadUsers for the users list
2021-08-25 11:45:45 [debug] Home.js: Triggers getToken to fetch the Token if available
2021-08-25 11:45:45 [debug] useAuthentication.js: In getToken to check any token stored in localStorage
2021-08-25 11:45:45 [debug] handleJson.js: Successfully read the data from file
2021-08-25 11:45:45 [debug] Home.js: Triggers getToken to fetch the Token if available
2021-08-25 11:45:45 [debug] useAuthentication.js: In getToken to check any token stored in localStorage
2021-08-25 11:45:45 [debug] handleJson.js: Added users list to LocalStorage
2021-08-25 11:48:09 [debug] Home.js: Triggers loadUsers for the users list
2021-08-25 11:48:09 [debug] Home.js: Triggers getToken to fetch the Token if available
2021-08-25 11:48:09 [debug] useAuthentication.js: In getToken to check any token stored in localStorage
2021-08-25 11:48:09 [debug] Home.js: Triggers getToken to fetch the Token if available
2021-08-25 11:48:09 [debug] useAuthentication.js: In getToken to check any token stored in localStorage
2021-08-25 11:48:16 [debug] Login.js: In handleSubmit
2021-08-25 11:48:16 [debug] Login.js: Triggers handleLogin to check whether the user is existing or not
2021-08-25 11:48:16 [debug] handleLogin.js: In handleLogin function
2021-08-25 11:48:16 [debug] Login.js: Triggers generateToken to generate a Token for the user
2021-08-25 11:48:16 [debug] useAuthentication.js: In generateToken to generate a Token for the loggedIn user
2021-08-25 11:48:16 [debug] useAuthentication.js: In handleUser to retrieve the user from the Token
2021-08-25 11:48:35 [debug] project.js: calling unstarred stable sort with value of orderBy=view
2021-08-25 11:48:43 [debug] project.js: calling unstarred stable sort with value of orderBy=view
2021-08-25 11:48:52 [debug] Home.js: Triggers loadUsers for the users list
2021-08-25 11:48:52 [debug] Home.js: Triggers getToken to fetch the Token if available
2021-08-25 11:48:52 [debug] useAuthentication.js: In getToken to check any token stored in localStorage
2021-08-25 11:48:52 [debug] Home.js: Triggers getToken to fetch the Token if available
2021-08-25 11:48:52 [debug] useAuthentication.js: In getToken to check any token stored in localStorage
2021-08-25 11:49:08 [debug] project.js: calling unstarred stable sort with value of orderBy=view
2021-08-25 11:49:22 [debug] Home.js: Triggers loadUsers for the users list
2021-08-25 11:49:22 [debug] Home.js: Triggers getToken to fetch the Token if available
2021-08-25 11:49:22 [debug] useAuthentication.js: In getToken to check any token stored in localStorage
2021-08-25 11:49:22 [debug] Home.js: Triggers getToken to fetch the Token if available
2021-08-25 11:49:22 [debug] useAuthentication.js: In getToken to check any token stored in localStorage
2021-08-25 11:49:34 [debug] Login.js: In handleSubmit
2021-08-25 11:49:34 [debug] Login.js: Triggers handleLogin to check whether the user is existing or not
2021-08-25 11:49:34 [debug] handleLogin.js: In handleLogin function
2021-08-25 11:49:34 [debug] Login.js: Triggers generateToken to generate a Token for the user
2021-08-25 11:49:34 [debug] useAuthentication.js: In generateToken to generate a Token for the loggedIn user
2021-08-25 11:49:34 [debug] useAuthentication.js: In handleUser to retrieve the user from the Token
2021-08-25 11:51:25 [debug] Home.js: Triggers loadUsers for the users list
2021-08-25 11:51:25 [debug] Home.js: Triggers getToken to fetch the Token if available
2021-08-25 11:51:25 [debug] useAuthentication.js: In getToken to check any token stored in localStorage
2021-08-25 11:51:25 [debug] handleJson.js: Successfully read the data from file
2021-08-25 11:51:25 [debug] handleJson.js: Added users list to LocalStorage
2021-08-25 11:51:25 [debug] Home.js: Triggers getToken to fetch the Token if available
2021-08-25 11:51:25 [debug] useAuthentication.js: In getToken to check any token stored in localStorage
2021-08-25 11:52:52 [debug] Home.js: Triggers loadUsers for the users list
2021-08-25 11:52:52 [debug] Home.js: Triggers getToken to fetch the Token if available
2021-08-25 11:52:52 [debug] useAuthentication.js: In getToken to check any token stored in localStorage
2021-08-25 11:52:52 [debug] Home.js: Triggers getToken to fetch the Token if available
2021-08-25 11:52:52 [debug] useAuthentication.js: In getToken to check any token stored in localStorage
2021-08-25 17:13:25 [debug] Home.js: Triggers loadUsers for the users list
2021-08-25 17:13:25 [debug] Home.js: Triggers getToken to fetch the Token if available
2021-08-25 17:13:25 [debug] useAuthentication.js: In getToken to check any token stored in localStorage
2021-08-25 17:13:25 [debug] Home.js: Triggers getToken to fetch the Token if available
2021-08-25 17:13:25 [debug] useAuthentication.js: In getToken to check any token stored in localStorage
2021-08-25 17:13:25 [debug] handleJson.js: Successfully read the data from file
2021-08-25 17:13:25 [debug] handleJson.js: Added users list to LocalStorage
2021-08-25 17:13:42 [debug] Login.js: In handleSubmit
2021-08-25 17:13:42 [debug] Login.js: Triggers handleLogin to check whether the user is existing or not
2021-08-25 17:13:42 [debug] handleLogin.js: In handleLogin function
2021-08-25 17:13:42 [debug] Login.js: Triggers generateToken to generate a Token for the user
2021-08-25 17:13:42 [debug] useAuthentication.js: In generateToken to generate a Token for the loggedIn user
2021-08-25 17:13:42 [debug] useAuthentication.js: In handleUser to retrieve the user from the Token
2021-08-25 17:14:11 [debug] Home.js: Triggers loadUsers for the users list
2021-08-25 17:14:11 [debug] Home.js: Triggers getToken to fetch the Token if available
2021-08-25 17:14:11 [debug] useAuthentication.js: In getToken to check any token stored in localStorage
2021-08-25 17:14:11 [debug] useAuthentication.js: In handleUser to retrieve the user from the Token
2021-08-25 17:14:12 [debug] handleJson.js: Successfully read the data from file
2021-08-25 17:14:12 [debug] ProjectContext.js: Successfully read the data from file
2021-08-25 17:14:12 [debug] handleJson.js: Added users list to LocalStorage
